<?xml version="1.0" encoding="UTF-8"?>
<!-- Generated by org.testng.reporters.JUnitReportReporter -->
<testsuite hostname="SANDEEP_N_REDDY" failures="0" tests="1" name="Assessment_Automation.Automation.kudosSearchPage" time="20.131" errors="0" timestamp="2021-12-18T17:55:14 IST" skipped="0">
  <testcase classname="Assessment_Automation.Automation.kudosSearchPage" name="kudosSearchClick" time="20.131"/>
  <system-out/>
</testsuite> <!-- Assessment_Automation.Automation.kudosSearchPage -->
