<?xml version="1.0" encoding="UTF-8"?>
<!-- Generated by org.testng.reporters.JUnitReportReporter -->
<testsuite hostname="SANDEEP_N_REDDY" failures="0" tests="1" name="Assessment_Automation.Automation.kudosPage" time="22.289" errors="0" timestamp="2021-12-19T16:37:58 IST" skipped="0">
  <testcase classname="Assessment_Automation.Automation.kudosPage" name="kudosSendFailure" time="22.289"/>
  <system-out/>
</testsuite> <!-- Assessment_Automation.Automation.kudosPage -->
