<?xml version="1.0" encoding="UTF-8"?>
<!-- Generated by org.testng.reporters.JUnitReportReporter -->
<testsuite hostname="SANDEEP_N_REDDY" failures="0" tests="1" name="Assessment_Automation.Automation.Login" time="0.018" errors="0" timestamp="2021-12-14T15:09:31 IST" skipped="0">
  <testcase classname="Assessment_Automation.Automation.Login" name="validLogin" time="0.018"/>
  <system-out/>
</testsuite> <!-- Assessment_Automation.Automation.Login -->
